<?xml version="1.0" encoding="utf-8"?>
<TestRun id="a526a0d9-53ee-4994-9d4e-9ad900151337" name="Admin@DESKTOP-0V9A2T4 2025-08-15 22:40:52" runUser="DESKTOP-0V9A2T4\Admin" xmlns="http://microsoft.com/schemas/VisualStudio/TeamTest/2010">
  <Times creation="2025-08-15T22:40:52.8310238+02:00" queuing="2025-08-15T22:40:52.8310247+02:00" start="2025-08-15T22:40:52.2388642+02:00" finish="2025-08-15T22:40:52.8350991+02:00" />
  <TestSettings name="default" id="ed48b064-e379-4b72-a015-5de8b2972db6">
    <Deployment runDeploymentRoot="Admin_DESKTOP-0V9A2T4_2025-08-15_22_40_52" />
  </TestSettings>
  <Results>
    <UnitTestResult executionId="f47a8a2a-a473-4656-9461-c3e35cebcc30" testId="3ce9c762-d8dc-9740-ecfc-122ad9bb1fac" testName="InitNetworkSettingsTest" computerName="DESKTOP-0V9A2T4" duration="00:00:00.0156943" startTime="2025-08-15T22:40:52.6929810+02:00" endTime="2025-08-15T22:40:52.7279390+02:00" testType="13cdc9d9-ddb5-4fa4-a97d-d965ccfc6d4b" outcome="Passed" testListId="8c84fa94-04c1-424b-9868-57a2d4851a1d" relativeResultsDirectory="f47a8a2a-a473-4656-9461-c3e35cebcc30" />
  </Results>
  <TestDefinitions>
    <UnitTest name="InitNetworkSettingsTest" storage="c:\users\admin\documents\github\lazypinger\lazypinger.tests\bin\debug\net8.0\lazypinger.tests.dll" id="3ce9c762-d8dc-9740-ecfc-122ad9bb1fac">
      <Execution id="f47a8a2a-a473-4656-9461-c3e35cebcc30" />
      <TestMethod codeBase="C:\Users\Admin\Documents\Github\LazyPinger\LazyPinger.Tests\bin\Debug\net8.0\LazyPinger.Tests.dll" adapterTypeName="executor://mstestadapter/v2" className="LazyPinger.Tests.Services.NetworkServiceTest" name="InitNetworkSettingsTest" />
    </UnitTest>
  </TestDefinitions>
  <TestEntries>
    <TestEntry testId="3ce9c762-d8dc-9740-ecfc-122ad9bb1fac" executionId="f47a8a2a-a473-4656-9461-c3e35cebcc30" testListId="8c84fa94-04c1-424b-9868-57a2d4851a1d" />
  </TestEntries>
  <TestLists>
    <TestList name="Results Not in a List" id="8c84fa94-04c1-424b-9868-57a2d4851a1d" />
    <TestList name="All Loaded Results" id="19431567-8539-422a-85d7-44ee4e166bda" />
  </TestLists>
  <ResultSummary outcome="Completed">
    <Counters total="1" executed="1" passed="1" failed="0" error="0" timeout="0" aborted="0" inconclusive="0" passedButRunAborted="0" notRunnable="0" notExecuted="0" disconnected="0" warning="0" completed="0" inProgress="0" pending="0" />
    <Output>
      <StdOut>Test Parallelization enabled for C:\Users\Admin\Documents\Github\LazyPinger\LazyPinger.Tests\bin\Debug\net8.0\LazyPinger.Tests.dll (Workers: 12, Scope: MethodLevel)&#xD;
</StdOut>
    </Output>
  </ResultSummary>
</TestRun>